pybullet build time: Oct 11 2021 20:59:00
/gpfs/fs1/home/apuhl/decentralized-peer-learning/virt/lib/python3.7/site-packages/gym/spaces/box.py:74: UserWarning: [33mWARN: Box bound precision lowered by casting to float32[0m
  "Box bound precision lowered by casting to {}".format(self.dtype)
Traceback (most recent call last):
  File "main.py", line 223, in <module>
    agent.observe(obs, reward, done, reset)
  File "/gpfs/fs1/home/apuhl/decentralized-peer-learning/virt/lib/python3.7/site-packages/pfrl/agent.py", line 164, in observe
    self.batch_observe([obs], [reward], [done], [reset])
  File "/gpfs/fs1/home/apuhl/decentralized-peer-learning/virt/lib/python3.7/site-packages/pfrl/agents/soft_actor_critic.py", line 336, in batch_observe
    self._batch_observe_train(batch_obs, batch_reward, batch_done, batch_reset)
  File "/gpfs/fs1/home/apuhl/decentralized-peer-learning/virt/lib/python3.7/site-packages/pfrl/agents/soft_actor_critic.py", line 375, in _batch_observe_train
    self.replay_updater.update_if_necessary(self.t)
  File "/gpfs/fs1/home/apuhl/decentralized-peer-learning/virt/lib/python3.7/site-packages/pfrl/replay_buffer.py", line 356, in update_if_necessary
    self.update_func(transitions)
  File "/gpfs/fs1/home/apuhl/decentralized-peer-learning/virt/lib/python3.7/site-packages/pfrl/agents/soft_actor_critic.py", line 314, in update
    self.update_q_func(batch)
  File "/gpfs/fs1/home/apuhl/decentralized-peer-learning/virt/lib/python3.7/site-packages/pfrl/agents/soft_actor_critic.py", line 228, in update_q_func
    next_action_distrib = self.policy(batch_next_state)
  File "/cluster/easybuild/broadwell/software/PyTorch/1.6.0-fosscuda-2019b-Python-3.7.4/lib/python3.7/site-packages/torch/nn/modules/module.py", line 722, in _call_impl
    result = self.forward(*input, **kwargs)
  File "/cluster/easybuild/broadwell/software/PyTorch/1.6.0-fosscuda-2019b-Python-3.7.4/lib/python3.7/site-packages/torch/nn/modules/container.py", line 117, in forward
    input = module(input)
  File "/cluster/easybuild/broadwell/software/PyTorch/1.6.0-fosscuda-2019b-Python-3.7.4/lib/python3.7/site-packages/torch/nn/modules/module.py", line 722, in _call_impl
    result = self.forward(*input, **kwargs)
  File "/cluster/easybuild/broadwell/software/PyTorch/1.6.0-fosscuda-2019b-Python-3.7.4/lib/python3.7/site-packages/torch/nn/modules/linear.py", line 91, in forward
    return F.linear(input, self.weight, self.bias)
  File "/cluster/easybuild/broadwell/software/PyTorch/1.6.0-fosscuda-2019b-Python-3.7.4/lib/python3.7/site-packages/torch/nn/functional.py", line 1674, in linear
    ret = torch.addmm(bias, input, weight.t())
RuntimeError: Expected object of scalar type Float but got scalar type Double for argument #2 'mat1' in call to _th_addmm
srun: error: z0673: task 0: Exited with exit code 1
srun: Terminating job step 10104441.0
